The system is: Windows - 10.0.19042 - AMD64
Checking whether the CUDA compiler is NVIDIA using "" matched "nvcc: NVIDIA \(R\) Cuda compiler driver":
nvcc: NVIDIA (R) Cuda compiler driver
Copyright (c) 2005-2021 NVIDIA Corporation
Built on Mon_Sep_13_20:11:50_Pacific_Daylight_Time_2021
Cuda compilation tools, release 11.5, V11.5.50
Build cuda_11.5.r11.5/compiler.30411180_0
Compiling the CUDA compiler identification source file "CMakeCUDACompilerId.cu" succeeded.
Compiler: C:/Program Files/NVIDIA GPU Computing Toolkit/CUDA/v11.5/bin/nvcc.exe 
Build flags: 
Id flags: --keep;--keep-dir;tmp -v

The output was:
0

D:\ws\cuda_project\build\CMakeFiles\3.22.1\CompilerIdCUDA>call "C:/Program Files (x86)/Microsoft Visual Studio/2019/BuildTools/VC/Tools/MSVC/14.29.30133/bin/HostX64/x64/../../../../../../../VC/Auxiliary/Build/vcvars64.bat" 
**********************************************************************
** Visual Studio 2019 Developer Command Prompt v16.11.7
** Copyright (c) 2021 Microsoft Corporation
**********************************************************************
[vcvarsall.bat] Environment initialized for: 'x64'
#$ C:/Program Files (x86)/Microsoft Visual Studio/2019/BuildTools/VC/Tools/MSVC/14.29.30133/bin/HostX64/x64/../../../../../../../VC/Auxiliary/Build/vcvars64.bat
#$ ALLUSERSPROFILE=C:\ProgramData
#$ APPDATA=C:\Users\akash\AppData\Roaming
#$ ChocolateyInstall=C:\ProgramData\chocolatey
#$ ChocolateyLastPathUpdate=132813444326372787
#$ CLion=C:\Program Files\JetBrains\CLion 2021.2.2\bin;
#$ CommandPromptType=Native
#$ CommonProgramFiles=C:\Program Files\Common Files
#$ CommonProgramFiles(x86)=C:\Program Files (x86)\Common Files
#$ CommonProgramW6432=C:\Program Files\Common Files
#$ COMPUTERNAME=DESKTOP-T96221D
#$ ComSpec=C:\WINDOWS\system32\cmd.exe
#$ CUDA_PATH=C:\Program Files\NVIDIA GPU Computing Toolkit\CUDA\v11.5
#$ CUDA_PATH_V11_5=C:\Program Files\NVIDIA GPU Computing Toolkit\CUDA\v11.5
#$ DevEnvDir=C:\Program Files (x86)\Microsoft Visual Studio\2019\BuildTools\Common7\IDE\
#$ DriverData=C:\Windows\System32\Drivers\DriverData
#$ ExtensionSdkDir=C:\Program Files (x86)\Microsoft SDKs\Windows Kits\10\ExtensionSDKs
#$ Framework40Version=v4.0
#$ FrameworkDir=C:\Windows\Microsoft.NET\Framework64\
#$ FrameworkDir64=C:\Windows\Microsoft.NET\Framework64\
#$ FrameworkVersion=v4.0.30319
#$ FrameworkVersion64=v4.0.30319
#$ HOMEDRIVE=C:
#$ HOMEPATH=\Users\akash
#$ INCLUDE=C:\Program Files (x86)\Microsoft Visual Studio\2019\BuildTools\VC\Tools\MSVC\14.29.30133\include;C:\Program Files (x86)\Windows Kits\10\include\10.0.19041.0\ucrt;C:\Program Files (x86)\Windows Kits\10\include\10.0.19041.0\shared;C:\Program Files (x86)\Windows Kits\10\include\10.0.19041.0\um;C:\Program Files (x86)\Windows Kits\10\include\10.0.19041.0\winrt;C:\Program Files (x86)\Windows Kits\10\include\10.0.19041.0\cppwinrt;C:\Program Files (x86)\Microsoft Visual Studio\2019\BuildTools\VC\Tools\MSVC\14.29.30133\include;C:\Program Files (x86)\Windows Kits\10\include\10.0.19041.0\ucrt;C:\Program Files (x86)\Windows Kits\10\include\10.0.19041.0\shared;C:\Program Files (x86)\Windows Kits\10\include\10.0.19041.0\um;C:\Program Files (x86)\Windows Kits\10\include\10.0.19041.0\winrt;C:\Program Files (x86)\Windows Kits\10\include\10.0.19041.0\cppwinrt
#$ IntelliJ IDEA Community Edition=C:\Program Files\JetBrains\IntelliJ IDEA Community Edition 2021.2.1\bin;
#$ LIB=C:\Program Files (x86)\Microsoft Visual Studio\2019\BuildTools\VC\Tools\MSVC\14.29.30133\lib\x64;C:\Program Files (x86)\Windows Kits\10\lib\10.0.19041.0\ucrt\x64;C:\Program Files (x86)\Windows Kits\10\lib\10.0.19041.0\um\x64;C:\Program Files (x86)\Microsoft Visual Studio\2019\BuildTools\VC\Tools\MSVC\14.29.30133\lib\x64;C:\Program Files (x86)\Windows Kits\10\lib\10.0.19041.0\ucrt\x64;C:\Program Files (x86)\Windows Kits\10\lib\10.0.19041.0\um\x64
#$ LIBPATH=C:\Program Files (x86)\Microsoft Visual Studio\2019\BuildTools\VC\Tools\MSVC\14.29.30133\lib\x64;C:\Program Files (x86)\Microsoft Visual Studio\2019\BuildTools\VC\Tools\MSVC\14.29.30133\lib\x86\store\references;C:\Program Files (x86)\Windows Kits\10\UnionMetadata\10.0.19041.0;C:\Program Files (x86)\Windows Kits\10\References\10.0.19041.0;C:\Windows\Microsoft.NET\Framework64\v4.0.30319;C:\Program Files (x86)\Microsoft Visual Studio\2019\BuildTools\VC\Tools\MSVC\14.29.30133\lib\x64;C:\Program Files (x86)\Microsoft Visual Studio\2019\BuildTools\VC\Tools\MSVC\14.29.30133\lib\x86\store\references;C:\Program Files (x86)\Windows Kits\10\UnionMetadata\10.0.19041.0;C:\Program Files (x86)\Windows Kits\10\References\10.0.19041.0;C:\Windows\Microsoft.NET\Framework64\v4.0.30319
#$ LOCALAPPDATA=C:\Users\akash\AppData\Local
#$ LOGONSERVER=\\DESKTOP-T96221D
#$ NUMBER_OF_PROCESSORS=12
#$ NVCUDASAMPLES11_5_ROOT=C:\ProgramData\NVIDIA Corporation\CUDA Samples\v11.5
#$ NVCUDASAMPLES_ROOT=C:\ProgramData\NVIDIA Corporation\CUDA Samples\v11.5
#$ NVTOOLSEXT_PATH=C:\Program Files\NVIDIA Corporation\NvToolsExt\
#$ OneDrive=C:\Users\akash\OneDrive
#$ OneDriveConsumer=C:\Users\akash\OneDrive
#$ OS=Windows_NT
#$ Path=C:\Program Files (x86)\Microsoft Visual Studio\2019\BuildTools\VC\Tools\MSVC\14.29.30133\bin\HostX64\x64;C:\Program Files (x86)\Microsoft Visual Studio\2019\BuildTools\Common7\IDE\VC\VCPackages;C:\Program Files (x86)\Microsoft Visual Studio\2019\BuildTools\Common7\IDE\CommonExtensions\Microsoft\TestWindow;C:\Program Files (x86)\Microsoft Visual Studio\2019\BuildTools\Common7\IDE\CommonExtensions\Microsoft\TeamFoundation\Team Explorer;C:\Program Files (x86)\Microsoft Visual Studio\2019\BuildTools\MSBuild\Current\bin\Roslyn;C:\Program Files (x86)\Microsoft Visual Studio\2019\BuildTools\Common7\Tools\devinit;C:\Program Files (x86)\Windows Kits\10\bin\10.0.19041.0\x64;C:\Program Files (x86)\Windows Kits\10\bin\x64;C:\Program Files (x86)\Microsoft Visual Studio\2019\BuildTools\\MSBuild\Current\Bin;C:\Windows\Microsoft.NET\Framework64\v4.0.30319;C:\Program Files (x86)\Microsoft Visual Studio\2019\BuildTools\Common7\IDE\;C:\Program Files (x86)\Microsoft Visual Studio\2019\BuildTools\Common7\Tools\;C:\Program Files (x86)\Microsoft Visual Studio\2019\BuildTools\VC\Tools\MSVC\14.29.30133\bin\HostX64\x64;C:\Program Files (x86)\Microsoft Visual Studio\2019\BuildTools\Common7\IDE\VC\VCPackages;C:\Program Files (x86)\Microsoft Visual Studio\2019\BuildTools\Common7\IDE\CommonExtensions\Microsoft\TestWindow;C:\Program Files (x86)\Microsoft Visual Studio\2019\BuildTools\Common7\IDE\CommonExtensions\Microsoft\TeamFoundation\Team Explorer;C:\Program Files (x86)\Microsoft Visual Studio\2019\BuildTools\MSBuild\Current\bin\Roslyn;C:\Program Files (x86)\Microsoft Visual Studio\2019\BuildTools\Common7\Tools\devinit;C:\Program Files (x86)\Windows Kits\10\bin\10.0.19041.0\x64;C:\Program Files (x86)\Windows Kits\10\bin\x64;C:\Program Files (x86)\Microsoft Visual Studio\2019\BuildTools\\MSBuild\Current\Bin;C:\Windows\Microsoft.NET\Framework64\v4.0.30319;C:\Program Files (x86)\Microsoft Visual Studio\2019\BuildTools\Common7\IDE\;C:\Program Files (x86)\Microsoft Visual Studio\2019\BuildTools\Common7\Tools\;C:\VulkanSDK\1.2.198.1\Bin;C:\Python310\Scripts\;C:\Python310\;C:\Program Files\NVIDIA GPU Computing Toolkit\CUDA\v11.5\bin;C:\Program Files\NVIDIA GPU Computing Toolkit\CUDA\v11.5\libnvvp;C:\Program Files (x86)\Razer Chroma SDK\bin;C:\Program Files\Razer Chroma SDK\bin;C:\Program Files (x86)\Razer\ChromaBroadcast\bin;C:\Program Files\Razer\ChromaBroadcast\bin;C:\WINDOWS\system32;C:\WINDOWS;C:\WINDOWS\System32\Wbem;C:\WINDOWS\System32\WindowsPowerShell\v1.0\;C:\WINDOWS\System32\OpenSSH\;C:\Program Files (x86)\NVIDIA Corporation\PhysX\Common;C:\Program Files\NVIDIA Corporation\NVIDIA NvDLISR;C:\Program Files\Git\cmd;C:\WINDOWS\system32\config\systemprofile\AppData\Local\Microsoft\WindowsApps;C:\Program Files\NVIDIA Corporation\Nsight Compute 2021.3.0\;C:\opencv-4.5.4\opencv\build\x64\vc15\bin;C:\opencv-4.5.4\opencv\build\bin;C:\ProgramData\chocolatey\bin;C:\Program Files\nodejs\;C:\Program Files\NVIDIA GPU Computing Toolkit\CUDA\v11.5\extras\CUPTI\lib64;C:\Ruby30-x64\bin;C:\Users\akash\AppData\Local\Microsoft\WindowsApps;C:\Program Files\JetBrains\IntelliJ IDEA Community Edition 2021.2.1\bin;;C:\Program Files\JetBrains\PyCharm Community Edition 2021.2.1\bin;;C:\Users\akash\AppData\Local\Programs\Microsoft VS Code\bin;C:\Program Files (x86)\GitHub CLI\;C:\Program Files\JetBrains\CLion 2021.2.2\bin;;C:\opencv-4.5.4\opencv\build\x64\vc15\bin;C:\opencv-4.5.4\opencv\build\bin;;C:\Program Files\JetBrains\WebStorm 2021.2.3\bin;;C:\Users\akash\AppData\Roaming\npm;C:\Program Files\CMake\bin;C:\Program Files (x86)\Microsoft Visual Studio\2019\BuildTools\Common7\IDE\CommonExtensions\Microsoft\CMake\CMake\bin;C:\Program Files (x86)\Microsoft Visual Studio\2019\BuildTools\Common7\IDE\CommonExtensions\Microsoft\CMake\Ninja;C:\Program Files (x86)\Microsoft Visual Studio\2019\BuildTools\Common7\IDE\CommonExtensions\Microsoft\CMake\CMake\bin;C:\Program Files (x86)\Microsoft Visual Studio\2019\BuildTools\Common7\IDE\CommonExtensions\Microsoft\CMake\Ninja
#$ PATHEXT=.COM;.EXE;.BAT;.CMD;.VBS;.VBE;.JS;.JSE;.WSF;.WSH;.MSC;.PY;.PYW;.RB;.RBW
#$ Platform=x64
#$ PROCESSOR_ARCHITECTURE=AMD64
#$ PROCESSOR_IDENTIFIER=Intel64 Family 6 Model 158 Stepping 10, GenuineIntel
#$ PROCESSOR_LEVEL=6
#$ PROCESSOR_REVISION=9e0a
#$ ProgramData=C:\ProgramData
#$ ProgramFiles=C:\Program Files
#$ ProgramFiles(x86)=C:\Program Files (x86)
#$ ProgramW6432=C:\Program Files
#$ PROMPT=$P$G
#$ PSModulePath=C:\Program Files\WindowsPowerShell\Modules;C:\WINDOWS\system32\WindowsPowerShell\v1.0\Modules
#$ PUBLIC=C:\Users\Public
#$ PyCharm Community Edition=C:\Program Files\JetBrains\PyCharm Community Edition 2021.2.1\bin;
#$ SESSIONNAME=Console
#$ SystemDrive=C:
#$ SystemRoot=C:\WINDOWS
#$ UCRTVersion=10.0.19041.0
#$ UniversalCRTSdkDir=C:\Program Files (x86)\Windows Kits\10\
#$ USERDOMAIN=DESKTOP-T96221D
#$ USERDOMAIN_ROAMINGPROFILE=DESKTOP-T96221D
#$ USERNAME=akash
#$ USERPROFILE=C:\Users\akash
#$ VCIDEInstallDir=C:\Program Files (x86)\Microsoft Visual Studio\2019\BuildTools\Common7\IDE\VC\
#$ VCINSTALLDIR=C:\Program Files (x86)\Microsoft Visual Studio\2019\BuildTools\VC\
#$ VCToolsInstallDir=C:\Program Files (x86)\Microsoft Visual Studio\2019\BuildTools\VC\Tools\MSVC\14.29.30133\
#$ VCToolsRedistDir=C:\Program Files (x86)\Microsoft Visual Studio\2019\BuildTools\VC\Redist\MSVC\14.29.30133\
#$ VCToolsVersion=14.29.30133
#$ VisualStudioVersion=16.0
#$ VK_SDK_PATH=C:\VulkanSDK\1.2.198.1
#$ VS160COMNTOOLS=C:\Program Files (x86)\Microsoft Visual Studio\2019\BuildTools\Common7\Tools\
#$ VSCMD_ARG_app_plat=Desktop
#$ VSCMD_ARG_HOST_ARCH=x64
#$ VSCMD_ARG_TGT_ARCH=x64
#$ VSCMD_VER=16.11.7
#$ vsconsoleoutput=1
#$ VSINSTALLDIR=C:\Program Files (x86)\Microsoft Visual Studio\2019\BuildTools\
#$ VULKAN_SDK=C:\VulkanSDK\1.2.198.1
#$ WebStorm=C:\Program Files\JetBrains\WebStorm 2021.2.3\bin;
#$ windir=C:\WINDOWS
#$ WindowsLibPath=C:\Program Files (x86)\Windows Kits\10\UnionMetadata\10.0.19041.0;C:\Program Files (x86)\Windows Kits\10\References\10.0.19041.0
#$ WindowsSdkBinPath=C:\Program Files (x86)\Windows Kits\10\bin\
#$ WindowsSdkDir=C:\Program Files (x86)\Windows Kits\10\
#$ WindowsSDKLibVersion=10.0.19041.0\
#$ WindowsSdkVerBinPath=C:\Program Files (x86)\Windows Kits\10\bin\10.0.19041.0\
#$ WindowsSDKVersion=10.0.19041.0\
#$ __devinit_path=C:\Program Files (x86)\Microsoft Visual Studio\2019\BuildTools\Common7\Tools\devinit\devinit.exe
#$ __DOTNET_ADD_64BIT=1
#$ __DOTNET_PREFERRED_BITNESS=64
#$ __VSCMD_PREINIT_PATH=C:\VulkanSDK\1.2.198.1\Bin;C:\Python310\Scripts\;C:\Python310\;C:\Program Files\NVIDIA GPU Computing Toolkit\CUDA\v11.5\bin;C:\Program Files\NVIDIA GPU Computing Toolkit\CUDA\v11.5\libnvvp;C:\Program Files (x86)\Razer Chroma SDK\bin;C:\Program Files\Razer Chroma SDK\bin;C:\Program Files (x86)\Razer\ChromaBroadcast\bin;C:\Program Files\Razer\ChromaBroadcast\bin;C:\WINDOWS\system32;C:\WINDOWS;C:\WINDOWS\System32\Wbem;C:\WINDOWS\System32\WindowsPowerShell\v1.0\;C:\WINDOWS\System32\OpenSSH\;C:\Program Files (x86)\NVIDIA Corporation\PhysX\Common;C:\Program Files\NVIDIA Corporation\NVIDIA NvDLISR;C:\Program Files\Git\cmd;C:\WINDOWS\system32\config\systemprofile\AppData\Local\Microsoft\WindowsApps;C:\Program Files\NVIDIA Corporation\Nsight Compute 2021.3.0\;C:\opencv-4.5.4\opencv\build\x64\vc15\bin;C:\opencv-4.5.4\opencv\build\bin;C:\ProgramData\chocolatey\bin;C:\Program Files\nodejs\;C:\Program Files\NVIDIA GPU Computing Toolkit\CUDA\v11.5\extras\CUPTI\lib64;C:\Ruby30-x64\bin;C:\Users\akash\AppData\Local\Microsoft\WindowsApps;C:\Program Files\JetBrains\IntelliJ IDEA Community Edition 2021.2.1\bin;;C:\Program Files\JetBrains\PyCharm Community Edition 2021.2.1\bin;;C:\Users\akash\AppData\Local\Programs\Microsoft VS Code\bin;C:\Program Files (x86)\GitHub CLI\;C:\Program Files\JetBrains\CLion 2021.2.2\bin;;C:\opencv-4.5.4\opencv\build\x64\vc15\bin;C:\opencv-4.5.4\opencv\build\bin;;C:\Program Files\JetBrains\WebStorm 2021.2.3\bin;;C:\Users\akash\AppData\Roaming\npm;C:\Program Files\CMake\bin
#$ __VSCMD_PREINIT_VCToolsVersion=14.29.30133
#$ __VSCMD_PREINIT_VS160COMNTOOLS=C:\Program Files (x86)\Microsoft Visual Studio\2019\BuildTools\Common7\Tools\
#$ PATH=C:\Program Files (x86)\Microsoft Visual Studio\2019\BuildTools\VC\Tools\MSVC\14.29.30133\bin\HostX64\x64;C:\Program Files (x86)\Microsoft Visual Studio\2019\BuildTools\VC\Tools\MSVC\14.29.30133\bin\HostX64\x64;C:\Program Files (x86)\Microsoft Visual Studio\2019\BuildTools\Common7\IDE\VC\VCPackages;C:\Program Files (x86)\Microsoft Visual Studio\2019\BuildTools\Common7\IDE\CommonExtensions\Microsoft\TestWindow;C:\Program Files (x86)\Microsoft Visual Studio\2019\BuildTools\Common7\IDE\CommonExtensions\Microsoft\TeamFoundation\Team Explorer;C:\Program Files (x86)\Microsoft Visual Studio\2019\BuildTools\MSBuild\Current\bin\Roslyn;C:\Program Files (x86)\Microsoft Visual Studio\2019\BuildTools\Common7\Tools\devinit;C:\Program Files (x86)\Windows Kits\10\bin\10.0.19041.0\x64;C:\Program Files (x86)\Windows Kits\10\bin\x64;C:\Program Files (x86)\Microsoft Visual Studio\2019\BuildTools\\MSBuild\Current\Bin;C:\Windows\Microsoft.NET\Framework64\v4.0.30319;C:\Program Files (x86)\Microsoft Visual Studio\2019\BuildTools\Common7\IDE\;C:\Program Files (x86)\Microsoft Visual Studio\2019\BuildTools\Common7\Tools\;C:\Program Files (x86)\Microsoft Visual Studio\2019\BuildTools\VC\Tools\MSVC\14.29.30133\bin\HostX64\x64;C:\Program Files (x86)\Microsoft Visual Studio\2019\BuildTools\Common7\IDE\VC\VCPackages;C:\Program Files (x86)\Microsoft Visual Studio\2019\BuildTools\Common7\IDE\CommonExtensions\Microsoft\TestWindow;C:\Program Files (x86)\Microsoft Visual Studio\2019\BuildTools\Common7\IDE\CommonExtensions\Microsoft\TeamFoundation\Team Explorer;C:\Program Files (x86)\Microsoft Visual Studio\2019\BuildTools\MSBuild\Current\bin\Roslyn;C:\Program Files (x86)\Microsoft Visual Studio\2019\BuildTools\Common7\Tools\devinit;C:\Program Files (x86)\Windows Kits\10\bin\10.0.19041.0\x64;C:\Program Files (x86)\Windows Kits\10\bin\x64;C:\Program Files (x86)\Microsoft Visual Studio\2019\BuildTools\\MSBuild\Current\Bin;C:\Windows\Microsoft.NET\Framework64\v4.0.30319;C:\Program Files (x86)\Microsoft Visual Studio\2019\BuildTools\Common7\IDE\;C:\Program Files (x86)\Microsoft Visual Studio\2019\BuildTools\Common7\Tools\;C:\VulkanSDK\1.2.198.1\Bin;C:\Python310\Scripts\;C:\Python310\;C:\Program Files\NVIDIA GPU Computing Toolkit\CUDA\v11.5\bin;C:\Program Files\NVIDIA GPU Computing Toolkit\CUDA\v11.5\libnvvp;C:\Program Files (x86)\Razer Chroma SDK\bin;C:\Program Files\Razer Chroma SDK\bin;C:\Program Files (x86)\Razer\ChromaBroadcast\bin;C:\Program Files\Razer\ChromaBroadcast\bin;C:\WINDOWS\system32;C:\WINDOWS;C:\WINDOWS\System32\Wbem;C:\WINDOWS\System32\WindowsPowerShell\v1.0\;C:\WINDOWS\System32\OpenSSH\;C:\Program Files (x86)\NVIDIA Corporation\PhysX\Common;C:\Program Files\NVIDIA Corporation\NVIDIA NvDLISR;C:\Program Files\Git\cmd;C:\WINDOWS\system32\config\systemprofile\AppData\Local\Microsoft\WindowsApps;C:\Program Files\NVIDIA Corporation\Nsight Compute 2021.3.0\;C:\opencv-4.5.4\opencv\build\x64\vc15\bin;C:\opencv-4.5.4\opencv\build\bin;C:\ProgramData\chocolatey\bin;C:\Program Files\nodejs\;C:\Program Files\NVIDIA GPU Computing Toolkit\CUDA\v11.5\extras\CUPTI\lib64;C:\Ruby30-x64\bin;C:\Users\akash\AppData\Local\Microsoft\WindowsApps;C:\Program Files\JetBrains\IntelliJ IDEA Community Edition 2021.2.1\bin;;C:\Program Files\JetBrains\PyCharm Community Edition 2021.2.1\bin;;C:\Users\akash\AppData\Local\Programs\Microsoft VS Code\bin;C:\Program Files (x86)\GitHub CLI\;C:\Program Files\JetBrains\CLion 2021.2.2\bin;;C:\opencv-4.5.4\opencv\build\x64\vc15\bin;C:\opencv-4.5.4\opencv\build\bin;;C:\Program Files\JetBrains\WebStorm 2021.2.3\bin;;C:\Users\akash\AppData\Roaming\npm;C:\Program Files\CMake\bin;C:\Program Files (x86)\Microsoft Visual Studio\2019\BuildTools\Common7\IDE\CommonExtensions\Microsoft\CMake\CMake\bin;C:\Program Files (x86)\Microsoft Visual Studio\2019\BuildTools\Common7\IDE\CommonExtensions\Microsoft\CMake\Ninja;C:\Program Files (x86)\Microsoft Visual Studio\2019\BuildTools\Common7\IDE\CommonExtensions\Microsoft\CMake\CMake\bin;C:\Program Files (x86)\Microsoft Visual Studio\2019\BuildTools\Common7\IDE\CommonExtensions\Microsoft\CMake\Ninja
#$ _NVVM_BRANCH_=nvvm
#$ _SPACE_= 
#$ _CUDART_=cudart
#$ _HERE_=C:/Program Files/NVIDIA GPU Computing Toolkit/CUDA/v11.5/bin
#$ _THERE_=C:/Program Files/NVIDIA GPU Computing Toolkit/CUDA/v11.5/bin
#$ _TARGET_SIZE_=
#$ _TARGET_DIR_=
#$ _TARGET_SIZE_=64
#$ _WIN_PLATFORM_=x64
#$ TOP=C:/Program Files/NVIDIA GPU Computing Toolkit/CUDA/v11.5/bin/..
#$ NVVMIR_LIBRARY_DIR=C:/Program Files/NVIDIA GPU Computing Toolkit/CUDA/v11.5/bin/../nvvm/libdevice
#$ PATH=C:/Program Files/NVIDIA GPU Computing Toolkit/CUDA/v11.5/bin/../nvvm/bin;C:/Program Files/NVIDIA GPU Computing Toolkit/CUDA/v11.5/bin;C:/Program Files/NVIDIA GPU Computing Toolkit/CUDA/v11.5/bin/../lib;C:\Program Files (x86)\Microsoft Visual Studio\2019\BuildTools\VC\Tools\MSVC\14.29.30133\bin\HostX64\x64;C:\Program Files (x86)\Microsoft Visual Studio\2019\BuildTools\VC\Tools\MSVC\14.29.30133\bin\HostX64\x64;C:\Program Files (x86)\Microsoft Visual Studio\2019\BuildTools\Common7\IDE\VC\VCPackages;C:\Program Files (x86)\Microsoft Visual Studio\2019\BuildTools\Common7\IDE\CommonExtensions\Microsoft\TestWindow;C:\Program Files (x86)\Microsoft Visual Studio\2019\BuildTools\Common7\IDE\CommonExtensions\Microsoft\TeamFoundation\Team Explorer;C:\Program Files (x86)\Microsoft Visual Studio\2019\BuildTools\MSBuild\Current\bin\Roslyn;C:\Program Files (x86)\Microsoft Visual Studio\2019\BuildTools\Common7\Tools\devinit;C:\Program Files (x86)\Windows Kits\10\bin\10.0.19041.0\x64;C:\Program Files (x86)\Windows Kits\10\bin\x64;C:\Program Files (x86)\Microsoft Visual Studio\2019\BuildTools\\MSBuild\Current\Bin;C:\Windows\Microsoft.NET\Framework64\v4.0.30319;C:\Program Files (x86)\Microsoft Visual Studio\2019\BuildTools\Common7\IDE\;C:\Program Files (x86)\Microsoft Visual Studio\2019\BuildTools\Common7\Tools\;C:\Program Files (x86)\Microsoft Visual Studio\2019\BuildTools\VC\Tools\MSVC\14.29.30133\bin\HostX64\x64;C:\Program Files (x86)\Microsoft Visual Studio\2019\BuildTools\Common7\IDE\VC\VCPackages;C:\Program Files (x86)\Microsoft Visual Studio\2019\BuildTools\Common7\IDE\CommonExtensions\Microsoft\TestWindow;C:\Program Files (x86)\Microsoft Visual Studio\2019\BuildTools\Common7\IDE\CommonExtensions\Microsoft\TeamFoundation\Team Explorer;C:\Program Files (x86)\Microsoft Visual Studio\2019\BuildTools\MSBuild\Current\bin\Roslyn;C:\Program Files (x86)\Microsoft Visual Studio\2019\BuildTools\Common7\Tools\devinit;C:\Program Files (x86)\Windows Kits\10\bin\10.0.19041.0\x64;C:\Program Files (x86)\Windows Kits\10\bin\x64;C:\Program Files (x86)\Microsoft Visual Studio\2019\BuildTools\\MSBuild\Current\Bin;C:\Windows\Microsoft.NET\Framework64\v4.0.30319;C:\Program Files (x86)\Microsoft Visual Studio\2019\BuildTools\Common7\IDE\;C:\Program Files (x86)\Microsoft Visual Studio\2019\BuildTools\Common7\Tools\;C:\VulkanSDK\1.2.198.1\Bin;C:\Python310\Scripts\;C:\Python310\;C:\Program Files\NVIDIA GPU Computing Toolkit\CUDA\v11.5\bin;C:\Program Files\NVIDIA GPU Computing Toolkit\CUDA\v11.5\libnvvp;C:\Program Files (x86)\Razer Chroma SDK\bin;C:\Program Files\Razer Chroma SDK\bin;C:\Program Files (x86)\Razer\ChromaBroadcast\bin;C:\Program Files\Razer\ChromaBroadcast\bin;C:\WINDOWS\system32;C:\WINDOWS;C:\WINDOWS\System32\Wbem;C:\WINDOWS\System32\WindowsPowerShell\v1.0\;C:\WINDOWS\System32\OpenSSH\;C:\Program Files (x86)\NVIDIA Corporation\PhysX\Common;C:\Program Files\NVIDIA Corporation\NVIDIA NvDLISR;C:\Program Files\Git\cmd;C:\WINDOWS\system32\config\systemprofile\AppData\Local\Microsoft\WindowsApps;C:\Program Files\NVIDIA Corporation\Nsight Compute 2021.3.0\;C:\opencv-4.5.4\opencv\build\x64\vc15\bin;C:\opencv-4.5.4\opencv\build\bin;C:\ProgramData\chocolatey\bin;C:\Program Files\nodejs\;C:\Program Files\NVIDIA GPU Computing Toolkit\CUDA\v11.5\extras\CUPTI\lib64;C:\Ruby30-x64\bin;C:\Users\akash\AppData\Local\Microsoft\WindowsApps;C:\Program Files\JetBrains\IntelliJ IDEA Community Edition 2021.2.1\bin;;C:\Program Files\JetBrains\PyCharm Community Edition 2021.2.1\bin;;C:\Users\akash\AppData\Local\Programs\Microsoft VS Code\bin;C:\Program Files (x86)\GitHub CLI\;C:\Program Files\JetBrains\CLion 2021.2.2\bin;;C:\opencv-4.5.4\opencv\build\x64\vc15\bin;C:\opencv-4.5.4\opencv\build\bin;;C:\Program Files\JetBrains\WebStorm 2021.2.3\bin;;C:\Users\akash\AppData\Roaming\npm;C:\Program Files\CMake\bin;C:\Program Files (x86)\Microsoft Visual Studio\2019\BuildTools\Common7\IDE\CommonExtensions\Microsoft\CMake\CMake\bin;C:\Program Files (x86)\Microsoft Visual Studio\2019\BuildTools\Common7\IDE\CommonExtensions\Microsoft\CMake\Ninja;C:\Program Files (x86)\Microsoft Visual Studio\2019\BuildTools\Common7\IDE\CommonExtensions\Microsoft\CMake\CMake\bin;C:\Program Files (x86)\Microsoft Visual Studio\2019\BuildTools\Common7\IDE\CommonExtensions\Microsoft\CMake\Ninja
#$ INCLUDES="-IC:/Program Files/NVIDIA GPU Computing Toolkit/CUDA/v11.5/bin/../include"  
#$ LIBRARIES=  "/LIBPATH:C:/Program Files/NVIDIA GPU Computing Toolkit/CUDA/v11.5/bin/../lib/x64"
#$ CUDAFE_FLAGS=
#$ PTXAS_FLAGS=
#$ erase tmp/a_dlink.reg.c
CMakeCUDACompilerId.cu
#$ cl.exe @"tmp/CMakeCUDACompilerId.cpp1.ii.res" > "tmp/CMakeCUDACompilerId.cpp1.ii" 
CMakeCUDACompilerId.cu
#$ cicc --microsoft_version=1929 --msvc_target_version=1929 --compiler_bindir "C:/Program Files (x86)/Microsoft Visual Studio/2019/BuildTools/VC/Tools/MSVC/14.29.30133/bin/HostX64/x64/../../../../../../.." --sdk_dir "C:/Program Files (x86)/Windows Kits/10/" --display_error_number --orig_src_file_name "CMakeCUDACompilerId.cu" --orig_src_path_name "D:\ws\cuda_project\build\CMakeFiles\3.22.1\CompilerIdCUDA\CMakeCUDACompilerId.cu" --allow_managed  -arch compute_52 -m64 --no-version-ident -ftz=0 -prec_div=1 -prec_sqrt=1 -fmad=1 --include_file_name "CMakeCUDACompilerId.fatbin.c" -tused --gen_module_id_file --module_id_file_name "tmp/CMakeCUDACompilerId.module_id" --gen_c_file_name "tmp/CMakeCUDACompilerId.cudafe1.c" --stub_file_name "tmp/CMakeCUDACompilerId.cudafe1.stub.c" --gen_device_file_name "tmp/CMakeCUDACompilerId.cudafe1.gpu"  "tmp/CMakeCUDACompilerId.cpp1.ii" -o "tmp/CMakeCUDACompilerId.ptx"
#$ ptxas -arch=sm_52 -m64 "tmp/CMakeCUDACompilerId.ptx"  -o "tmp/CMakeCUDACompilerId.sm_52.cubin" 
#$ fatbinary --create="tmp/CMakeCUDACompilerId.fatbin" -64 --cicc-cmdline="-ftz=0 -prec_div=1 -prec_sqrt=1 -fmad=1 " "--image3=kind=elf,sm=52,file=tmp/CMakeCUDACompilerId.sm_52.cubin" "--image3=kind=ptx,sm=52,file=tmp/CMakeCUDACompilerId.ptx" --embedded-fatbin="tmp/CMakeCUDACompilerId.fatbin.c" 
#$ cl.exe @"tmp/CMakeCUDACompilerId.cpp4.ii.res" > "tmp/CMakeCUDACompilerId.cpp4.ii" 
CMakeCUDACompilerId.cu
#$ cudafe++ --microsoft_version=1929 --msvc_target_version=1929 --compiler_bindir "C:/Program Files (x86)/Microsoft Visual Studio/2019/BuildTools/VC/Tools/MSVC/14.29.30133/bin/HostX64/x64/../../../../../../.." --sdk_dir "C:/Program Files (x86)/Windows Kits/10/" --display_error_number --orig_src_file_name "CMakeCUDACompilerId.cu" --orig_src_path_name "D:\ws\cuda_project\build\CMakeFiles\3.22.1\CompilerIdCUDA\CMakeCUDACompilerId.cu" --allow_managed --m64 --parse_templates --gen_c_file_name "tmp/CMakeCUDACompilerId.cudafe1.cpp" --stub_file_name "CMakeCUDACompilerId.cudafe1.stub.c" --module_id_file_name "tmp/CMakeCUDACompilerId.module_id" "tmp/CMakeCUDACompilerId.cpp4.ii" 
#$ cl.exe @"tmp/CMakeCUDACompilerId.obj.res" -Fo"tmp/CMakeCUDACompilerId.obj" 
CMakeCUDACompilerId.cudafe1.cpp
#$ nvlink -optf "tmp/a_dlink.sm_52.cubin.optf"
#$ fatbinary --create="tmp/a_dlink.fatbin" -64 --cicc-cmdline="-ftz=0 -prec_div=1 -prec_sqrt=1 -fmad=1 " -link "--image3=kind=elf,sm=52,file=tmp/a_dlink.sm_52.cubin" --embedded-fatbin="tmp/a_dlink.fatbin.c" 
#$ cl.exe @"tmp/a_dlink.obj.res" -Fo"tmp/a_dlink.obj" 
link.stub
#$ cl.exe @"tmp/a.exe.res" -Fe"a.exe" 
   Creating library a.lib and object a.exp


Compilation of the CUDA compiler identification source "CMakeCUDACompilerId.cu" produced "a.exe"

Compilation of the CUDA compiler identification source "CMakeCUDACompilerId.cu" produced "a.exp"

Compilation of the CUDA compiler identification source "CMakeCUDACompilerId.cu" produced "a.lib"

The CUDA compiler identification is NVIDIA, found in "D:/ws/cuda_project/build/CMakeFiles/3.22.1/CompilerIdCUDA/a.exe"

Parsed CUDA nvcc implicit link information from above output:
  found 'PATH=' string: [C:\Program Files (x86)\Microsoft Visual Studio\2019\BuildTools\VC\Tools\MSVC\14.29.30133\bin\HostX64\x64;C:\Program Files (x86)\Microsoft Visual Studio\2019\BuildTools\VC\Tools\MSVC\14.29.30133\bin\HostX64\x64;C:\Program Files (x86)\Microsoft Visual Studio\2019\BuildTools\Common7\IDE\VC\VCPackages;C:\Program Files (x86)\Microsoft Visual Studio\2019\BuildTools\Common7\IDE\CommonExtensions\Microsoft\TestWindow;C:\Program Files (x86)\Microsoft Visual Studio\2019\BuildTools\Common7\IDE\CommonExtensions\Microsoft\TeamFoundation\Team Explorer;C:\Program Files (x86)\Microsoft Visual Studio\2019\BuildTools\MSBuild\Current\bin\Roslyn;C:\Program Files (x86)\Microsoft Visual Studio\2019\BuildTools\Common7\Tools\devinit;C:\Program Files (x86)\Windows Kits\10\bin\10.0.19041.0\x64;C:\Program Files (x86)\Windows Kits\10\bin\x64;C:\Program Files (x86)\Microsoft Visual Studio\2019\BuildTools\\MSBuild\Current\Bin;C:\Windows\Microsoft.NET\Framework64\v4.0.30319;C:\Program Files (x86)\Microsoft Visual Studio\2019\BuildTools\Common7\IDE\;C:\Program Files (x86)\Microsoft Visual Studio\2019\BuildTools\Common7\Tools\;C:\Program Files (x86)\Microsoft Visual Studio\2019\BuildTools\VC\Tools\MSVC\14.29.30133\bin\HostX64\x64;C:\Program Files (x86)\Microsoft Visual Studio\2019\BuildTools\Common7\IDE\VC\VCPackages;C:\Program Files (x86)\Microsoft Visual Studio\2019\BuildTools\Common7\IDE\CommonExtensions\Microsoft\TestWindow;C:\Program Files (x86)\Microsoft Visual Studio\2019\BuildTools\Common7\IDE\CommonExtensions\Microsoft\TeamFoundation\Team Explorer;C:\Program Files (x86)\Microsoft Visual Studio\2019\BuildTools\MSBuild\Current\bin\Roslyn;C:\Program Files (x86)\Microsoft Visual Studio\2019\BuildTools\Common7\Tools\devinit;C:\Program Files (x86)\Windows Kits\10\bin\10.0.19041.0\x64;C:\Program Files (x86)\Windows Kits\10\bin\x64;C:\Program Files (x86)\Microsoft Visual Studio\2019\BuildTools\\MSBuild\Current\Bin;C:\Windows\Microsoft.NET\Framework64\v4.0.30319;C:\Program Files (x86)\Microsoft Visual Studio\2019\BuildTools\Common7\IDE\;C:\Program Files (x86)\Microsoft Visual Studio\2019\BuildTools\Common7\Tools\;C:\VulkanSDK\1.2.198.1\Bin;C:\Python310\Scripts\;C:\Python310\;C:\Program Files\NVIDIA GPU Computing Toolkit\CUDA\v11.5\bin;C:\Program Files\NVIDIA GPU Computing Toolkit\CUDA\v11.5\libnvvp;C:\Program Files (x86)\Razer Chroma SDK\bin;C:\Program Files\Razer Chroma SDK\bin;C:\Program Files (x86)\Razer\ChromaBroadcast\bin;C:\Program Files\Razer\ChromaBroadcast\bin;C:\WINDOWS\system32;C:\WINDOWS;C:\WINDOWS\System32\Wbem;C:\WINDOWS\System32\WindowsPowerShell\v1.0\;C:\WINDOWS\System32\OpenSSH\;C:\Program Files (x86)\NVIDIA Corporation\PhysX\Common;C:\Program Files\NVIDIA Corporation\NVIDIA NvDLISR;C:\Program Files\Git\cmd;C:\WINDOWS\system32\config\systemprofile\AppData\Local\Microsoft\WindowsApps;C:\Program Files\NVIDIA Corporation\Nsight Compute 2021.3.0\;C:\opencv-4.5.4\opencv\build\x64\vc15\bin;C:\opencv-4.5.4\opencv\build\bin;C:\ProgramData\chocolatey\bin;C:\Program Files\nodejs\;C:\Program Files\NVIDIA GPU Computing Toolkit\CUDA\v11.5\extras\CUPTI\lib64;C:\Ruby30-x64\bin;C:\Users\akash\AppData\Local\Microsoft\WindowsApps;C:\Program Files\JetBrains\IntelliJ IDEA Community Edition 2021.2.1\bin;;C:\Program Files\JetBrains\PyCharm Community Edition 2021.2.1\bin;;C:\Users\akash\AppData\Local\Programs\Microsoft VS Code\bin;C:\Program Files (x86)\GitHub CLI\;C:\Program Files\JetBrains\CLion 2021.2.2\bin;;C:\opencv-4.5.4\opencv\build\x64\vc15\bin;C:\opencv-4.5.4\opencv\build\bin;;C:\Program Files\JetBrains\WebStorm 2021.2.3\bin;;C:\Users\akash\AppData\Roaming\npm;C:\Program Files\CMake\bin;C:\Program Files (x86)\Microsoft Visual Studio\2019\BuildTools\Common7\IDE\CommonExtensions\Microsoft\CMake\CMake\bin;C:\Program Files (x86)\Microsoft Visual Studio\2019\BuildTools\Common7\IDE\CommonExtensions\Microsoft\CMake\Ninja;C:\Program Files (x86)\Microsoft Visual Studio\2019\BuildTools\Common7\IDE\CommonExtensions\Microsoft\CMake\CMake\bin;C:\Program Files (x86)\Microsoft Visual Studio\2019\BuildTools\Common7\IDE\CommonExtensions\Microsoft\CMake\Ninja]
  found 'LIBRARIES=' string: ["/LIBPATH:C:/Program Files/NVIDIA GPU Computing Toolkit/CUDA/v11.5/bin/../lib/x64"]
  considering line: []
  considering line: [D:\ws\cuda_project\build\CMakeFiles\3.22.1\CompilerIdCUDA>call "C:/Program Files (x86)/Microsoft Visual Studio/2019/BuildTools/VC/Tools/MSVC/14.29.30133/bin/HostX64/x64/../../../../../../../VC/Auxiliary/Build/vcvars64.bat" ]
  considering line: [**********************************************************************]
  considering line: [** Visual Studio 2019 Developer Command Prompt v16.11.7]
  considering line: [** Copyright (c) 2021 Microsoft Corporation]
  considering line: [**********************************************************************]
  considering line: [[vcvarsall.bat] Environment initialized for: 'x64']
  considering line: [C:/Program Files (x86)/Microsoft Visual Studio/2019/BuildTools/VC/Tools/MSVC/14.29.30133/bin/HostX64/x64/../../../../../../../VC/Auxiliary/Build/vcvars64.bat]
  considering line: [IntelliJ IDEA Community Edition=C:\Program Files\JetBrains\IntelliJ IDEA Community Edition 2021.2.1\bin]
  considering line: []
  considering line: [PyCharm Community Edition=C:\Program Files\JetBrains\PyCharm Community Edition 2021.2.1\bin]
  considering line: []
  considering line: [erase tmp/a_dlink.reg.c]
  considering line: [CMakeCUDACompilerId.cu]
  considering line: [cl.exe @"tmp/CMakeCUDACompilerId.cpp1.ii.res" > "tmp/CMakeCUDACompilerId.cpp1.ii" ]
  considering line: [CMakeCUDACompilerId.cu]
  considering line: [cicc --microsoft_version=1929 --msvc_target_version=1929 --compiler_bindir "C:/Program Files (x86)/Microsoft Visual Studio/2019/BuildTools/VC/Tools/MSVC/14.29.30133/bin/HostX64/x64/../../../../../../.." --sdk_dir "C:/Program Files (x86)/Windows Kits/10/" --display_error_number --orig_src_file_name "CMakeCUDACompilerId.cu" --orig_src_path_name "D:\ws\cuda_project\build\CMakeFiles\3.22.1\CompilerIdCUDA\CMakeCUDACompilerId.cu" --allow_managed  -arch compute_52 -m64 --no-version-ident -ftz=0 -prec_div=1 -prec_sqrt=1 -fmad=1 --include_file_name "CMakeCUDACompilerId.fatbin.c" -tused --gen_module_id_file --module_id_file_name "tmp/CMakeCUDACompilerId.module_id" --gen_c_file_name "tmp/CMakeCUDACompilerId.cudafe1.c" --stub_file_name "tmp/CMakeCUDACompilerId.cudafe1.stub.c" --gen_device_file_name "tmp/CMakeCUDACompilerId.cudafe1.gpu"  "tmp/CMakeCUDACompilerId.cpp1.ii" -o "tmp/CMakeCUDACompilerId.ptx"]
  considering line: [ptxas -arch=sm_52 -m64 "tmp/CMakeCUDACompilerId.ptx"  -o "tmp/CMakeCUDACompilerId.sm_52.cubin" ]
  considering line: [fatbinary --create="tmp/CMakeCUDACompilerId.fatbin" -64 --cicc-cmdline="-ftz=0 -prec_div=1 -prec_sqrt=1 -fmad=1 " "--image3=kind=elf,sm=52,file=tmp/CMakeCUDACompilerId.sm_52.cubin" "--image3=kind=ptx,sm=52,file=tmp/CMakeCUDACompilerId.ptx" --embedded-fatbin="tmp/CMakeCUDACompilerId.fatbin.c" ]
  considering line: [cl.exe @"tmp/CMakeCUDACompilerId.cpp4.ii.res" > "tmp/CMakeCUDACompilerId.cpp4.ii" ]
  considering line: [CMakeCUDACompilerId.cu]
  considering line: [cudafe++ --microsoft_version=1929 --msvc_target_version=1929 --compiler_bindir "C:/Program Files (x86)/Microsoft Visual Studio/2019/BuildTools/VC/Tools/MSVC/14.29.30133/bin/HostX64/x64/../../../../../../.." --sdk_dir "C:/Program Files (x86)/Windows Kits/10/" --display_error_number --orig_src_file_name "CMakeCUDACompilerId.cu" --orig_src_path_name "D:\ws\cuda_project\build\CMakeFiles\3.22.1\CompilerIdCUDA\CMakeCUDACompilerId.cu" --allow_managed --m64 --parse_templates --gen_c_file_name "tmp/CMakeCUDACompilerId.cudafe1.cpp" --stub_file_name "CMakeCUDACompilerId.cudafe1.stub.c" --module_id_file_name "tmp/CMakeCUDACompilerId.module_id" "tmp/CMakeCUDACompilerId.cpp4.ii" ]
  considering line: [cl.exe @"tmp/CMakeCUDACompilerId.obj.res" -Fo"tmp/CMakeCUDACompilerId.obj" ]
  considering line: [CMakeCUDACompilerId.cudafe1.cpp]
  considering line: [nvlink -optf "tmp/a_dlink.sm_52.cubin.optf"]
    ignoring nvlink line
  considering line: [fatbinary --create="tmp/a_dlink.fatbin" -64 --cicc-cmdline="-ftz=0 -prec_div=1 -prec_sqrt=1 -fmad=1 " -link "--image3=kind=elf,sm=52,file=tmp/a_dlink.sm_52.cubin" --embedded-fatbin="tmp/a_dlink.fatbin.c" ]
  considering line: [cl.exe @"tmp/a_dlink.obj.res" -Fo"tmp/a_dlink.obj" ]
  considering line: [link.stub]
  considering line: [cl.exe @"tmp/a.exe.res" -Fe"a.exe" ]
    extracted link line: [cl.exe -D__CUDA_ARCH_LIST__=520 -nologo "D:\ws\cuda_project\build\CMakeFiles\3.22.1\CompilerIdCUDA\tmp\a_dlink.obj" "D:\ws\cuda_project\build\CMakeFiles\3.22.1\CompilerIdCUDA\tmp\CMakeCUDACompilerId.obj" -link -INCREMENTAL:NO   "/LIBPATH:C:/Program Files/NVIDIA GPU Computing Toolkit/CUDA/v11.5/bin/../lib/x64"  cudadevrt.lib  cudart_static.lib -Fe"a.exe" ]
  considering line: [   Creating library a.lib and object a.exp]
  considering line: []

  link line regex: [^( *|.*[/\])(link\.exe|CMAKE_LINK_STARTFILE-NOTFOUND|([^/\]+-)?ld|collect2)[^/\]*( |$)]
  link line: [cuda-fake-ld cl.exe -D__CUDA_ARCH_LIST__=520 -nologo "D:\ws\cuda_project\build\CMakeFiles\3.22.1\CompilerIdCUDA\tmp\a_dlink.obj" "D:\ws\cuda_project\build\CMakeFiles\3.22.1\CompilerIdCUDA\tmp\CMakeCUDACompilerId.obj" -link -INCREMENTAL:NO   "/LIBPATH:C:/Program Files/NVIDIA GPU Computing Toolkit/CUDA/v11.5/bin/../lib/x64"  cudadevrt.lib  cudart_static.lib -Fe"a.exe" ]
    arg [cuda-fake-ld] ==> ignore
    arg [cl.exe] ==> recognize MSVC cl
    arg [-D__CUDA_ARCH_LIST__=520] ==> ignore
    arg [-nologo] ==> ignore
    arg [D:\ws\cuda_project\build\CMakeFiles\3.22.1\CompilerIdCUDA\tmp\a_dlink.obj] ==> ignore
    arg [D:\ws\cuda_project\build\CMakeFiles\3.22.1\CompilerIdCUDA\tmp\CMakeCUDACompilerId.obj] ==> ignore
    arg [-link] ==> ignore MSVC cl option
    arg [-INCREMENTAL:NO] ==> ignore
    arg [/LIBPATH:C:/Program Files/NVIDIA GPU Computing Toolkit/CUDA/v11.5/bin/../lib/x64] ==> dir [C:/Program Files/NVIDIA GPU Computing Toolkit/CUDA/v11.5/bin/../lib/x64]
    arg [cudadevrt.lib] ==> lib [cudadevrt.lib]
    arg [cudart_static.lib] ==> lib [cudart_static.lib]
    arg [-Fea.exe] ==> ignore
  collapse library dir [C:/Program Files/NVIDIA GPU Computing Toolkit/CUDA/v11.5/bin/../lib/x64] ==> [C:/Program Files/NVIDIA GPU Computing Toolkit/CUDA/v11.5/lib/x64]
  implicit libs: [cudadevrt.lib;cudart_static.lib]
  implicit objs: []
  implicit dirs: [C:/Program Files/NVIDIA GPU Computing Toolkit/CUDA/v11.5/lib/x64]
  implicit fwks: []


Parsed CUDA nvcc include information from above output:
  found 'PATH=' string: [C:\Program Files (x86)\Microsoft Visual Studio\2019\BuildTools\VC\Tools\MSVC\14.29.30133\bin\HostX64\x64;C:\Program Files (x86)\Microsoft Visual Studio\2019\BuildTools\VC\Tools\MSVC\14.29.30133\bin\HostX64\x64;C:\Program Files (x86)\Microsoft Visual Studio\2019\BuildTools\Common7\IDE\VC\VCPackages;C:\Program Files (x86)\Microsoft Visual Studio\2019\BuildTools\Common7\IDE\CommonExtensions\Microsoft\TestWindow;C:\Program Files (x86)\Microsoft Visual Studio\2019\BuildTools\Common7\IDE\CommonExtensions\Microsoft\TeamFoundation\Team Explorer;C:\Program Files (x86)\Microsoft Visual Studio\2019\BuildTools\MSBuild\Current\bin\Roslyn;C:\Program Files (x86)\Microsoft Visual Studio\2019\BuildTools\Common7\Tools\devinit;C:\Program Files (x86)\Windows Kits\10\bin\10.0.19041.0\x64;C:\Program Files (x86)\Windows Kits\10\bin\x64;C:\Program Files (x86)\Microsoft Visual Studio\2019\BuildTools\\MSBuild\Current\Bin;C:\Windows\Microsoft.NET\Framework64\v4.0.30319;C:\Program Files (x86)\Microsoft Visual Studio\2019\BuildTools\Common7\IDE\;C:\Program Files (x86)\Microsoft Visual Studio\2019\BuildTools\Common7\Tools\;C:\Program Files (x86)\Microsoft Visual Studio\2019\BuildTools\VC\Tools\MSVC\14.29.30133\bin\HostX64\x64;C:\Program Files (x86)\Microsoft Visual Studio\2019\BuildTools\Common7\IDE\VC\VCPackages;C:\Program Files (x86)\Microsoft Visual Studio\2019\BuildTools\Common7\IDE\CommonExtensions\Microsoft\TestWindow;C:\Program Files (x86)\Microsoft Visual Studio\2019\BuildTools\Common7\IDE\CommonExtensions\Microsoft\TeamFoundation\Team Explorer;C:\Program Files (x86)\Microsoft Visual Studio\2019\BuildTools\MSBuild\Current\bin\Roslyn;C:\Program Files (x86)\Microsoft Visual Studio\2019\BuildTools\Common7\Tools\devinit;C:\Program Files (x86)\Windows Kits\10\bin\10.0.19041.0\x64;C:\Program Files (x86)\Windows Kits\10\bin\x64;C:\Program Files (x86)\Microsoft Visual Studio\2019\BuildTools\\MSBuild\Current\Bin;C:\Windows\Microsoft.NET\Framework64\v4.0.30319;C:\Program Files (x86)\Microsoft Visual Studio\2019\BuildTools\Common7\IDE\;C:\Program Files (x86)\Microsoft Visual Studio\2019\BuildTools\Common7\Tools\;C:\VulkanSDK\1.2.198.1\Bin;C:\Python310\Scripts\;C:\Python310\;C:\Program Files\NVIDIA GPU Computing Toolkit\CUDA\v11.5\bin;C:\Program Files\NVIDIA GPU Computing Toolkit\CUDA\v11.5\libnvvp;C:\Program Files (x86)\Razer Chroma SDK\bin;C:\Program Files\Razer Chroma SDK\bin;C:\Program Files (x86)\Razer\ChromaBroadcast\bin;C:\Program Files\Razer\ChromaBroadcast\bin;C:\WINDOWS\system32;C:\WINDOWS;C:\WINDOWS\System32\Wbem;C:\WINDOWS\System32\WindowsPowerShell\v1.0\;C:\WINDOWS\System32\OpenSSH\;C:\Program Files (x86)\NVIDIA Corporation\PhysX\Common;C:\Program Files\NVIDIA Corporation\NVIDIA NvDLISR;C:\Program Files\Git\cmd;C:\WINDOWS\system32\config\systemprofile\AppData\Local\Microsoft\WindowsApps;C:\Program Files\NVIDIA Corporation\Nsight Compute 2021.3.0\;C:\opencv-4.5.4\opencv\build\x64\vc15\bin;C:\opencv-4.5.4\opencv\build\bin;C:\ProgramData\chocolatey\bin;C:\Program Files\nodejs\;C:\Program Files\NVIDIA GPU Computing Toolkit\CUDA\v11.5\extras\CUPTI\lib64;C:\Ruby30-x64\bin;C:\Users\akash\AppData\Local\Microsoft\WindowsApps;C:\Program Files\JetBrains\IntelliJ IDEA Community Edition 2021.2.1\bin;;C:\Program Files\JetBrains\PyCharm Community Edition 2021.2.1\bin;;C:\Users\akash\AppData\Local\Programs\Microsoft VS Code\bin;C:\Program Files (x86)\GitHub CLI\;C:\Program Files\JetBrains\CLion 2021.2.2\bin;;C:\opencv-4.5.4\opencv\build\x64\vc15\bin;C:\opencv-4.5.4\opencv\build\bin;;C:\Program Files\JetBrains\WebStorm 2021.2.3\bin;;C:\Users\akash\AppData\Roaming\npm;C:\Program Files\CMake\bin;C:\Program Files (x86)\Microsoft Visual Studio\2019\BuildTools\Common7\IDE\CommonExtensions\Microsoft\CMake\CMake\bin;C:\Program Files (x86)\Microsoft Visual Studio\2019\BuildTools\Common7\IDE\CommonExtensions\Microsoft\CMake\Ninja;C:\Program Files (x86)\Microsoft Visual Studio\2019\BuildTools\Common7\IDE\CommonExtensions\Microsoft\CMake\CMake\bin;C:\Program Files (x86)\Microsoft Visual Studio\2019\BuildTools\Common7\IDE\CommonExtensions\Microsoft\CMake\Ninja]
  found 'LIBRARIES=' string: ["/LIBPATH:C:/Program Files/NVIDIA GPU Computing Toolkit/CUDA/v11.5/bin/../lib/x64"]
  considering line: []
  considering line: [D:\ws\cuda_project\build\CMakeFiles\3.22.1\CompilerIdCUDA>call "C:/Program Files (x86)/Microsoft Visual Studio/2019/BuildTools/VC/Tools/MSVC/14.29.30133/bin/HostX64/x64/../../../../../../../VC/Auxiliary/Build/vcvars64.bat" ]
  considering line: [**********************************************************************]
  considering line: [** Visual Studio 2019 Developer Command Prompt v16.11.7]
  considering line: [** Copyright (c) 2021 Microsoft Corporation]
  considering line: [**********************************************************************]
  considering line: [[vcvarsall.bat] Environment initialized for: 'x64']
  considering line: [C:/Program Files (x86)/Microsoft Visual Studio/2019/BuildTools/VC/Tools/MSVC/14.29.30133/bin/HostX64/x64/../../../../../../../VC/Auxiliary/Build/vcvars64.bat]
  considering line: [IntelliJ IDEA Community Edition=C:\Program Files\JetBrains\IntelliJ IDEA Community Edition 2021.2.1\bin]
  considering line: []
  considering line: [PyCharm Community Edition=C:\Program Files\JetBrains\PyCharm Community Edition 2021.2.1\bin]
  considering line: []
  considering line: [erase tmp/a_dlink.reg.c]
  considering line: [CMakeCUDACompilerId.cu]
  considering line: [cl.exe @"tmp/CMakeCUDACompilerId.cpp1.ii.res" > "tmp/CMakeCUDACompilerId.cpp1.ii" ]
  considering line: [CMakeCUDACompilerId.cu]
  considering line: [cicc --microsoft_version=1929 --msvc_target_version=1929 --compiler_bindir "C:/Program Files (x86)/Microsoft Visual Studio/2019/BuildTools/VC/Tools/MSVC/14.29.30133/bin/HostX64/x64/../../../../../../.." --sdk_dir "C:/Program Files (x86)/Windows Kits/10/" --display_error_number --orig_src_file_name "CMakeCUDACompilerId.cu" --orig_src_path_name "D:\ws\cuda_project\build\CMakeFiles\3.22.1\CompilerIdCUDA\CMakeCUDACompilerId.cu" --allow_managed  -arch compute_52 -m64 --no-version-ident -ftz=0 -prec_div=1 -prec_sqrt=1 -fmad=1 --include_file_name "CMakeCUDACompilerId.fatbin.c" -tused --gen_module_id_file --module_id_file_name "tmp/CMakeCUDACompilerId.module_id" --gen_c_file_name "tmp/CMakeCUDACompilerId.cudafe1.c" --stub_file_name "tmp/CMakeCUDACompilerId.cudafe1.stub.c" --gen_device_file_name "tmp/CMakeCUDACompilerId.cudafe1.gpu"  "tmp/CMakeCUDACompilerId.cpp1.ii" -o "tmp/CMakeCUDACompilerId.ptx"]
  considering line: [ptxas -arch=sm_52 -m64 "tmp/CMakeCUDACompilerId.ptx"  -o "tmp/CMakeCUDACompilerId.sm_52.cubin" ]
  considering line: [fatbinary --create="tmp/CMakeCUDACompilerId.fatbin" -64 --cicc-cmdline="-ftz=0 -prec_div=1 -prec_sqrt=1 -fmad=1 " "--image3=kind=elf,sm=52,file=tmp/CMakeCUDACompilerId.sm_52.cubin" "--image3=kind=ptx,sm=52,file=tmp/CMakeCUDACompilerId.ptx" --embedded-fatbin="tmp/CMakeCUDACompilerId.fatbin.c" ]
  considering line: [cl.exe @"tmp/CMakeCUDACompilerId.cpp4.ii.res" > "tmp/CMakeCUDACompilerId.cpp4.ii" ]
  considering line: [CMakeCUDACompilerId.cu]
  considering line: [cudafe++ --microsoft_version=1929 --msvc_target_version=1929 --compiler_bindir "C:/Program Files (x86)/Microsoft Visual Studio/2019/BuildTools/VC/Tools/MSVC/14.29.30133/bin/HostX64/x64/../../../../../../.." --sdk_dir "C:/Program Files (x86)/Windows Kits/10/" --display_error_number --orig_src_file_name "CMakeCUDACompilerId.cu" --orig_src_path_name "D:\ws\cuda_project\build\CMakeFiles\3.22.1\CompilerIdCUDA\CMakeCUDACompilerId.cu" --allow_managed --m64 --parse_templates --gen_c_file_name "tmp/CMakeCUDACompilerId.cudafe1.cpp" --stub_file_name "CMakeCUDACompilerId.cudafe1.stub.c" --module_id_file_name "tmp/CMakeCUDACompilerId.module_id" "tmp/CMakeCUDACompilerId.cpp4.ii" ]
  considering line: [cl.exe @"tmp/CMakeCUDACompilerId.obj.res" -Fo"tmp/CMakeCUDACompilerId.obj" ]
  considering line: [CMakeCUDACompilerId.cudafe1.cpp]
  considering line: [nvlink -optf "tmp/a_dlink.sm_52.cubin.optf"]
    ignoring nvlink line
  considering line: [fatbinary --create="tmp/a_dlink.fatbin" -64 --cicc-cmdline="-ftz=0 -prec_div=1 -prec_sqrt=1 -fmad=1 " -link "--image3=kind=elf,sm=52,file=tmp/a_dlink.sm_52.cubin" --embedded-fatbin="tmp/a_dlink.fatbin.c" ]
  considering line: [cl.exe @"tmp/a_dlink.obj.res" -Fo"tmp/a_dlink.obj" ]
  considering line: [link.stub]
  considering line: [cl.exe @"tmp/a.exe.res" -Fe"a.exe" ]
    extracted link line: [cl.exe -D__CUDA_ARCH_LIST__=520 -nologo "D:\ws\cuda_project\build\CMakeFiles\3.22.1\CompilerIdCUDA\tmp\a_dlink.obj" "D:\ws\cuda_project\build\CMakeFiles\3.22.1\CompilerIdCUDA\tmp\CMakeCUDACompilerId.obj" -link -INCREMENTAL:NO   "/LIBPATH:C:/Program Files/NVIDIA GPU Computing Toolkit/CUDA/v11.5/bin/../lib/x64"  cudadevrt.lib  cudart_static.lib -Fe"a.exe" ]
  considering line: [   Creating library a.lib and object a.exp]
  considering line: []
  found 'INCLUDES=' string: ["-IC:/Program Files/NVIDIA GPU Computing Toolkit/CUDA/v11.5/bin/../include"  ]

  link line regex: [^( *|.*[/\])(link\.exe|CMAKE_LINK_STARTFILE-NOTFOUND|([^/\]+-)?ld|collect2)[^/\]*( |$)]
  link line: [cuda-fake-ld cl.exe -D__CUDA_ARCH_LIST__=520 -nologo "D:\ws\cuda_project\build\CMakeFiles\3.22.1\CompilerIdCUDA\tmp\a_dlink.obj" "D:\ws\cuda_project\build\CMakeFiles\3.22.1\CompilerIdCUDA\tmp\CMakeCUDACompilerId.obj" -link -INCREMENTAL:NO   "/LIBPATH:C:/Program Files/NVIDIA GPU Computing Toolkit/CUDA/v11.5/bin/../lib/x64"  cudadevrt.lib  cudart_static.lib -Fe"a.exe" ]
    arg [cuda-fake-ld] ==> ignore
    arg [cl.exe] ==> recognize MSVC cl
    arg [-D__CUDA_ARCH_LIST__=520] ==> ignore
    arg [-nologo] ==> ignore
    arg [D:\ws\cuda_project\build\CMakeFiles\3.22.1\CompilerIdCUDA\tmp\a_dlink.obj] ==> ignore
    arg [D:\ws\cuda_project\build\CMakeFiles\3.22.1\CompilerIdCUDA\tmp\CMakeCUDACompilerId.obj] ==> ignore
    arg [-link] ==> ignore MSVC cl option
    arg [-INCREMENTAL:NO] ==> ignore
    arg [/LIBPATH:C:/Program Files/NVIDIA GPU Computing Toolkit/CUDA/v11.5/bin/../lib/x64] ==> dir [C:/Program Files/NVIDIA GPU Computing Toolkit/CUDA/v11.5/bin/../lib/x64]
    arg [cudadevrt.lib] ==> lib [cudadevrt.lib]
    arg [cudart_static.lib] ==> lib [cudart_static.lib]
    arg [-Fea.exe] ==> ignore
  collapse library dir [C:/Program Files/NVIDIA GPU Computing Toolkit/CUDA/v11.5/bin/../lib/x64] ==> [C:/Program Files/NVIDIA GPU Computing Toolkit/CUDA/v11.5/lib/x64]
  implicit libs: [cudadevrt.lib;cudart_static.lib]
  implicit objs: []
  implicit dirs: [C:/Program Files/NVIDIA GPU Computing Toolkit/CUDA/v11.5/lib/x64]
  implicit fwks: []


Detecting CUDA compiler ABI info compiled with the following output:
Change Dir: D:/ws/cuda_project/build/CMakeFiles/CMakeTmp

Run Build Command(s):C:/ProgramData/chocolatey/bin/make.exe -f Makefile cmTC_37bd3/fast && C:/ProgramData/chocolatey/lib/make/tools/install/bin/make.exe  -f CMakeFiles/cmTC_37bd3.dir/build.make CMakeFiles/cmTC_37bd3.dir/build
make[1]: Entering directory 'D:/ws/cuda_project/build/CMakeFiles/CMakeTmp'
Building CUDA object CMakeFiles/cmTC_37bd3.dir/CMakeCUDACompilerABI.cu.obj
"C:/Program Files/NVIDIA GPU Computing Toolkit/CUDA/v11.5/bin/nvcc.exe" -forward-unknown-to-host-compiler   -D_WINDOWS -Xcompiler=" /EHsc"  -Xcompiler="-Zi -Ob0 -Od /RTC1" --generate-code=arch=compute_52,code=[compute_52,sm_52] -Xcompiler=-MDd   -Xcompiler=-v -MD -MT CMakeFiles/cmTC_37bd3.dir/CMakeCUDACompilerABI.cu.obj -MF CMakeFiles/cmTC_37bd3.dir/CMakeCUDACompilerABI.cu.obj.d -x cu -c "C:/Program Files/CMake/share/cmake-3.22/Modules/CMakeCUDACompilerABI.cu" -o CMakeFiles/cmTC_37bd3.dir/CMakeCUDACompilerABI.cu.obj -Xcompiler=-FdCMakeFiles/cmTC_37bd3.dir/,-FS
cl : Command line warning D9002 : ignoring unknown option '-v'
CMakeCUDACompilerABI.cu
cl : Command line warning D9002 : ignoring unknown option '-v'
CMakeCUDACompilerABI.cu
CMakeCUDACompilerABI.cu
cl : Command line warning D9002 : ignoring unknown option '-v'
Linking CUDA executable cmTC_37bd3.exe
"C:/Program Files/CMake/bin/cmake.exe" -E vs_link_exe --intdir=CMakeFiles/cmTC_37bd3.dir --rc="C:/Program Files (x86)/Windows Kits/10/bin/10.0.19041.0/x64/rc.exe" --mt="C:/Program Files (x86)/Windows Kits/10/bin/10.0.19041.0/x64/mt.exe" --manifests -- "C:/Program Files (x86)/Microsoft Visual Studio/2019/BuildTools/VC/Tools/MSVC/14.29.30133/bin/Hostx64/x64/link.exe" /nologo "CMakeFiles/cmTC_37bd3.dir/CMakeCUDACompilerABI.cu.obj"   /out:cmTC_37bd3.exe /implib:cmTC_37bd3.lib /pdb:D:/ws/cuda_project/build/CMakeFiles/CMakeTmp/cmTC_37bd3.pdb /version:0.0  -v /debug /INCREMENTAL  cudadevrt.lib cudart_static.lib  -LIBPATH:"C:/Program Files/NVIDIA GPU Computing Toolkit/CUDA/v11.5/lib/x64" 
make[1]: Leaving directory 'D:/ws/cuda_project/build/CMakeFiles/CMakeTmp'



Parsed CUDA implicit include dir info from above output: rv=start
  warn: unable to parse implicit include dirs!


Parsed CUDA implicit link information from above output:
  link line regex: [^( *|.*[/\])(link\.exe|CMAKE_LINK_STARTFILE-NOTFOUND|([^/\]+-)?ld|collect2)[^/\]*( |$)]
  ignore line: [Change Dir: D:/ws/cuda_project/build/CMakeFiles/CMakeTmp]
  ignore line: []
  ignore line: [Run Build Command(s):C:/ProgramData/chocolatey/bin/make.exe -f Makefile cmTC_37bd3/fast && C:/ProgramData/chocolatey/lib/make/tools/install/bin/make.exe  -f CMakeFiles/cmTC_37bd3.dir/build.make CMakeFiles/cmTC_37bd3.dir/build]
  ignore line: [make[1]: Entering directory 'D:/ws/cuda_project/build/CMakeFiles/CMakeTmp']
  ignore line: [Building CUDA object CMakeFiles/cmTC_37bd3.dir/CMakeCUDACompilerABI.cu.obj]
  ignore line: ["C:/Program Files/NVIDIA GPU Computing Toolkit/CUDA/v11.5/bin/nvcc.exe" -forward-unknown-to-host-compiler   -D_WINDOWS -Xcompiler=" /EHsc"  -Xcompiler="-Zi -Ob0 -Od /RTC1" --generate-code=arch=compute_52 code=[compute_52 sm_52] -Xcompiler=-MDd   -Xcompiler=-v -MD -MT CMakeFiles/cmTC_37bd3.dir/CMakeCUDACompilerABI.cu.obj -MF CMakeFiles/cmTC_37bd3.dir/CMakeCUDACompilerABI.cu.obj.d -x cu -c "C:/Program Files/CMake/share/cmake-3.22/Modules/CMakeCUDACompilerABI.cu" -o CMakeFiles/cmTC_37bd3.dir/CMakeCUDACompilerABI.cu.obj -Xcompiler=-FdCMakeFiles/cmTC_37bd3.dir/ -FS]
  ignore line: [cl : Command line warning D9002 : ignoring unknown option '-v']
  ignore line: [CMakeCUDACompilerABI.cu]
  ignore line: [cl : Command line warning D9002 : ignoring unknown option '-v']
  ignore line: [CMakeCUDACompilerABI.cu]
  ignore line: [CMakeCUDACompilerABI.cu]
  ignore line: [cl : Command line warning D9002 : ignoring unknown option '-v']
  ignore line: [Linking CUDA executable cmTC_37bd3.exe]
  ignore line: ["C:/Program Files/CMake/bin/cmake.exe" -E vs_link_exe --intdir=CMakeFiles/cmTC_37bd3.dir --rc="C:/Program Files (x86)/Windows Kits/10/bin/10.0.19041.0/x64/rc.exe" --mt="C:/Program Files (x86)/Windows Kits/10/bin/10.0.19041.0/x64/mt.exe" --manifests -- "C:/Program Files (x86)/Microsoft Visual Studio/2019/BuildTools/VC/Tools/MSVC/14.29.30133/bin/Hostx64/x64/link.exe" /nologo "CMakeFiles/cmTC_37bd3.dir/CMakeCUDACompilerABI.cu.obj"   /out:cmTC_37bd3.exe /implib:cmTC_37bd3.lib /pdb:D:/ws/cuda_project/build/CMakeFiles/CMakeTmp/cmTC_37bd3.pdb /version:0.0  -v /debug /INCREMENTAL  cudadevrt.lib cudart_static.lib  -LIBPATH:"C:/Program Files/NVIDIA GPU Computing Toolkit/CUDA/v11.5/lib/x64" ]
  ignore line: [make[1]: Leaving directory 'D:/ws/cuda_project/build/CMakeFiles/CMakeTmp']
  ignore line: []
  ignore line: []
  implicit libs: []
  implicit objs: []
  implicit dirs: []
  implicit fwks: []


